{
  "/home/harry/NC/NC-WEB/COURSES/course-lit/exercises/exercises-harry-herrera-vite-js/src/components/buttons/basic-buttons/ButtonBasicBlue.js": {
    "path": "/home/harry/NC/NC-WEB/COURSES/course-lit/exercises/exercises-harry-herrera-vite-js/src/components/buttons/basic-buttons/ButtonBasicBlue.js",
    "statementMap": {
      "0": {
        "start": {
          "line": 6,
          "column": 4
        },
        "end": {
          "line": 8,
          "column": 9
        }
      },
      "1": {
        "start": {
          "line": 11,
          "column": 18
        },
        "end": {
          "line": 34,
          "column": 5
        }
      },
      "2": {
        "start": {
          "line": 38,
          "column": 0
        },
        "end": {
          "line": 38,
          "column": 59
        }
      }
    },
    "fnMap": {
      "0": {
        "name": "(anonymous_0)",
        "decl": {
          "start": {
            "line": 5,
            "column": 2
          },
          "end": {
            "line": 5,
            "column": 8
          }
        },
        "loc": {
          "start": {
            "line": 5,
            "column": 11
          },
          "end": {
            "line": 9,
            "column": 3
          }
        }
      }
    },
    "branchMap": {},
    "s": {
      "0": 4,
      "1": 4,
      "2": 4
    },
    "f": {
      "0": 4
    },
    "b": {}
  },
  "/home/harry/NC/NC-WEB/COURSES/course-lit/exercises/exercises-harry-herrera-vite-js/src/components/buttons/basic-buttons/ButtonBasicRed.js": {
    "path": "/home/harry/NC/NC-WEB/COURSES/course-lit/exercises/exercises-harry-herrera-vite-js/src/components/buttons/basic-buttons/ButtonBasicRed.js",
    "statementMap": {
      "0": {
        "start": {
          "line": 6,
          "column": 4
        },
        "end": {
          "line": 8,
          "column": 9
        }
      },
      "1": {
        "start": {
          "line": 11,
          "column": 18
        },
        "end": {
          "line": 32,
          "column": 5
        }
      },
      "2": {
        "start": {
          "line": 35,
          "column": 0
        },
        "end": {
          "line": 35,
          "column": 57
        }
      }
    },
    "fnMap": {
      "0": {
        "name": "(anonymous_0)",
        "decl": {
          "start": {
            "line": 5,
            "column": 2
          },
          "end": {
            "line": 5,
            "column": 8
          }
        },
        "loc": {
          "start": {
            "line": 5,
            "column": 11
          },
          "end": {
            "line": 9,
            "column": 3
          }
        }
      }
    },
    "branchMap": {},
    "s": {
      "0": 3,
      "1": 4,
      "2": 4
    },
    "f": {
      "0": 3
    },
    "b": {}
  },
  "/home/harry/NC/NC-WEB/COURSES/course-lit/exercises/exercises-harry-herrera-vite-js/src/components/buttons/basic-buttons/ButtonBasicGreen.js": {
    "path": "/home/harry/NC/NC-WEB/COURSES/course-lit/exercises/exercises-harry-herrera-vite-js/src/components/buttons/basic-buttons/ButtonBasicGreen.js",
    "statementMap": {
      "0": {
        "start": {
          "line": 6,
          "column": 4
        },
        "end": {
          "line": 8,
          "column": 9
        }
      },
      "1": {
        "start": {
          "line": 11,
          "column": 18
        },
        "end": {
          "line": 32,
          "column": 5
        }
      },
      "2": {
        "start": {
          "line": 35,
          "column": 0
        },
        "end": {
          "line": 35,
          "column": 61
        }
      }
    },
    "fnMap": {
      "0": {
        "name": "(anonymous_0)",
        "decl": {
          "start": {
            "line": 5,
            "column": 2
          },
          "end": {
            "line": 5,
            "column": 8
          }
        },
        "loc": {
          "start": {
            "line": 5,
            "column": 11
          },
          "end": {
            "line": 9,
            "column": 3
          }
        }
      }
    },
    "branchMap": {},
    "s": {
      "0": 2,
      "1": 4,
      "2": 4
    },
    "f": {
      "0": 2
    },
    "b": {}
  },
  "/home/harry/NC/NC-WEB/COURSES/course-lit/exercises/exercises-harry-herrera-vite-js/src/stories/Button.js": {
    "path": "/home/harry/NC/NC-WEB/COURSES/course-lit/exercises/exercises-harry-herrera-vite-js/src/stories/Button.js",
    "statementMap": {
      "0": {
        "start": {
          "line": 8,
          "column": 22
        },
        "end": {
          "line": 21,
          "column": 1
        }
      },
      "1": {
        "start": {
          "line": 9,
          "column": 15
        },
        "end": {
          "line": 9,
          "column": 84
        }
      },
      "2": {
        "start": {
          "line": 11,
          "column": 2
        },
        "end": {
          "line": 20,
          "column": 4
        }
      }
    },
    "fnMap": {
      "0": {
        "name": "(anonymous_0)",
        "decl": {
          "start": {
            "line": 8,
            "column": 22
          },
          "end": {
            "line": 8,
            "column": 23
          }
        },
        "loc": {
          "start": {
            "line": 8,
            "column": 85
          },
          "end": {
            "line": 21,
            "column": 1
          }
        }
      }
    },
    "branchMap": {
      "0": {
        "loc": {
          "start": {
            "line": 8,
            "column": 34
          },
          "end": {
            "line": 8,
            "column": 56
          }
        },
        "type": "default-arg",
        "locations": [
          {
            "start": {
              "line": 8,
              "column": 52
            },
            "end": {
              "line": 8,
              "column": 56
            }
          }
        ]
      },
      "1": {
        "loc": {
          "start": {
            "line": 9,
            "column": 15
          },
          "end": {
            "line": 9,
            "column": 84
          }
        },
        "type": "cond-expr",
        "locations": [
          {
            "start": {
              "line": 9,
              "column": 25
            },
            "end": {
              "line": 9,
              "column": 52
            }
          },
          {
            "start": {
              "line": 9,
              "column": 55
            },
            "end": {
              "line": 9,
              "column": 84
            }
          }
        ]
      },
      "2": {
        "loc": {
          "start": {
            "line": 14,
            "column": 56
          },
          "end": {
            "line": 14,
            "column": 72
          }
        },
        "type": "binary-expr",
        "locations": [
          {
            "start": {
              "line": 14,
              "column": 56
            },
            "end": {
              "line": 14,
              "column": 60
            }
          },
          {
            "start": {
              "line": 14,
              "column": 64
            },
            "end": {
              "line": 14,
              "column": 72
            }
          }
        ]
      }
    },
    "s": {
      "0": 9,
      "1": 21,
      "2": 21
    },
    "f": {
      "0": 21
    },
    "b": {
      "0": [
        21
      ],
      "1": [
        7,
        14
      ],
      "2": [
        21,
        7
      ]
    }
  },
  "/home/harry/NC/NC-WEB/COURSES/course-lit/exercises/exercises-harry-herrera-vite-js/src/stories/Header.js": {
    "path": "/home/harry/NC/NC-WEB/COURSES/course-lit/exercises/exercises-harry-herrera-vite-js/src/stories/Header.js",
    "statementMap": {
      "0": {
        "start": {
          "line": 6,
          "column": 22
        },
        "end": {
          "line": 45,
          "column": 1
        }
      },
      "1": {
        "start": {
          "line": 6,
          "column": 72
        },
        "end": {
          "line": 45,
          "column": 1
        }
      }
    },
    "fnMap": {
      "0": {
        "name": "(anonymous_0)",
        "decl": {
          "start": {
            "line": 6,
            "column": 22
          },
          "end": {
            "line": 6,
            "column": 23
          }
        },
        "loc": {
          "start": {
            "line": 6,
            "column": 72
          },
          "end": {
            "line": 45,
            "column": 1
          }
        }
      }
    },
    "branchMap": {
      "0": {
        "loc": {
          "start": {
            "line": 29,
            "column": 10
          },
          "end": {
            "line": 41,
            "column": 16
          }
        },
        "type": "cond-expr",
        "locations": [
          {
            "start": {
              "line": 30,
              "column": 12
            },
            "end": {
              "line": 30,
              "column": 74
            }
          },
          {
            "start": {
              "line": 31,
              "column": 12
            },
            "end": {
              "line": 41,
              "column": 16
            }
          }
        ]
      }
    },
    "s": {
      "0": 5,
      "1": 8
    },
    "f": {
      "0": 8
    },
    "b": {
      "0": [
        5,
        3
      ]
    }
  },
  "/home/harry/NC/NC-WEB/COURSES/course-lit/exercises/exercises-harry-herrera-vite-js/src/stories/Page.js": {
    "path": "/home/harry/NC/NC-WEB/COURSES/course-lit/exercises/exercises-harry-herrera-vite-js/src/stories/Page.js",
    "statementMap": {
      "0": {
        "start": {
          "line": 5,
          "column": 20
        },
        "end": {
          "line": 61,
          "column": 1
        }
      },
      "1": {
        "start": {
          "line": 5,
          "column": 70
        },
        "end": {
          "line": 61,
          "column": 1
        }
      }
    },
    "fnMap": {
      "0": {
        "name": "(anonymous_0)",
        "decl": {
          "start": {
            "line": 5,
            "column": 20
          },
          "end": {
            "line": 5,
            "column": 21
          }
        },
        "loc": {
          "start": {
            "line": 5,
            "column": 70
          },
          "end": {
            "line": 61,
            "column": 1
          }
        }
      }
    },
    "branchMap": {},
    "s": {
      "0": 2,
      "1": 3
    },
    "f": {
      "0": 3
    },
    "b": {}
  },
  "/home/harry/NC/NC-WEB/COURSES/course-lit/exercises/exercises-harry-herrera-vite-js/src/components/buttons/hover-button/ButtonHover01.js": {
    "path": "/home/harry/NC/NC-WEB/COURSES/course-lit/exercises/exercises-harry-herrera-vite-js/src/components/buttons/hover-button/ButtonHover01.js",
    "statementMap": {
      "0": {
        "start": {
          "line": 6,
          "column": 4
        },
        "end": {
          "line": 10,
          "column": 9
        }
      },
      "1": {
        "start": {
          "line": 13,
          "column": 18
        },
        "end": {
          "line": 64,
          "column": 5
        }
      },
      "2": {
        "start": {
          "line": 68,
          "column": 0
        },
        "end": {
          "line": 68,
          "column": 55
        }
      }
    },
    "fnMap": {
      "0": {
        "name": "(anonymous_0)",
        "decl": {
          "start": {
            "line": 5,
            "column": 2
          },
          "end": {
            "line": 5,
            "column": 8
          }
        },
        "loc": {
          "start": {
            "line": 5,
            "column": 11
          },
          "end": {
            "line": 11,
            "column": 3
          }
        }
      }
    },
    "branchMap": {},
    "s": {
      "0": 3,
      "1": 3,
      "2": 3
    },
    "f": {
      "0": 3
    },
    "b": {}
  },
  "/home/harry/NC/NC-WEB/COURSES/course-lit/exercises/exercises-harry-herrera-vite-js/src/components/buttons/hover-button/ButtonHover02.js": {
    "path": "/home/harry/NC/NC-WEB/COURSES/course-lit/exercises/exercises-harry-herrera-vite-js/src/components/buttons/hover-button/ButtonHover02.js",
    "statementMap": {
      "0": {
        "start": {
          "line": 6,
          "column": 4
        },
        "end": {
          "line": 10,
          "column": 9
        }
      },
      "1": {
        "start": {
          "line": 13,
          "column": 18
        },
        "end": {
          "line": 65,
          "column": 5
        }
      },
      "2": {
        "start": {
          "line": 69,
          "column": 0
        },
        "end": {
          "line": 69,
          "column": 55
        }
      }
    },
    "fnMap": {
      "0": {
        "name": "(anonymous_0)",
        "decl": {
          "start": {
            "line": 5,
            "column": 2
          },
          "end": {
            "line": 5,
            "column": 8
          }
        },
        "loc": {
          "start": {
            "line": 5,
            "column": 11
          },
          "end": {
            "line": 11,
            "column": 3
          }
        }
      }
    },
    "branchMap": {},
    "s": {
      "0": 2,
      "1": 3,
      "2": 3
    },
    "f": {
      "0": 2
    },
    "b": {}
  }
}